app/build/intermediates/manifest_merge_blame_file/debug/manifest-merger-blame-debug-report.txt
1<?xml version="1.0" encoding="utf-8"?>
2<manifest xmlns:android="http://schemas.android.com/apk/res/android"
3    package="com.kelompok6.hitungpengeluaran"
4    android:versionCode="1"
5    android:versionName="1.0" >
6
7    <uses-sdk
8        android:minSdkVersion="21"
8-->src/main/AndroidManifest.xml
9        android:targetSdkVersion="33" />
9-->src/main/AndroidManifest.xml
10
11    <application
11-->src/main/AndroidManifest.xml:5:5-42:19
12        android:allowBackup="true"
12-->src/main/AndroidManifest.xml:6:9-35
13        android:appComponentFactory="androidx.core.app.CoreComponentFactory"
13-->[androidx.core:core:1.8.0] AndroidManifest.xml:24:18-86
14        android:dataExtractionRules="@xml/data_extraction_rules"
14-->src/main/AndroidManifest.xml:7:9-65
15        android:debuggable="true"
16        android:fullBackupContent="@xml/backup_rules"
16-->src/main/AndroidManifest.xml:8:9-54
17        android:icon="@mipmap/ic_launcher"
17-->src/main/AndroidManifest.xml:9:9-43
18        android:label="@string/app_name"
18-->src/main/AndroidManifest.xml:10:9-41
19        android:roundIcon="@mipmap/ic_launcher_round"
19-->src/main/AndroidManifest.xml:11:9-54
20        android:supportsRtl="true"
20-->src/main/AndroidManifest.xml:12:9-35
21        android:theme="@style/Theme.HitungPengeluaran" >
21-->src/main/AndroidManifest.xml:13:9-55
22        <activity
22-->src/main/AndroidManifest.xml:15:9-21:20
23            android:name="com.kelompok6.hitungpengeluaran.view.fragment.pengeluaran.add.AddPengeluaranActivity"
23-->src/main/AndroidManifest.xml:16:13-81
24            android:exported="false" >
24-->src/main/AndroidManifest.xml:17:13-37
25            <meta-data
25-->src/main/AndroidManifest.xml:18:13-20:36
26                android:name="android.app.lib_name"
26-->src/main/AndroidManifest.xml:19:17-52
27                android:value="" />
27-->src/main/AndroidManifest.xml:20:17-33
28        </activity>
29        <activity
29-->src/main/AndroidManifest.xml:22:9-28:20
30            android:name="com.kelompok6.hitungpengeluaran.view.fragment.pemasukan.add.AddPemasukanActivity"
30-->src/main/AndroidManifest.xml:23:13-77
31            android:exported="false" >
31-->src/main/AndroidManifest.xml:24:13-37
32            <meta-data
32-->src/main/AndroidManifest.xml:18:13-20:36
33                android:name="android.app.lib_name"
33-->src/main/AndroidManifest.xml:19:17-52
34                android:value="" />
34-->src/main/AndroidManifest.xml:20:17-33
35        </activity>
36        <activity
36-->src/main/AndroidManifest.xml:29:9-41:20
37            android:name="com.kelompok6.hitungpengeluaran.view.MainActivity"
37-->src/main/AndroidManifest.xml:30:13-46
38            android:exported="true" >
38-->src/main/AndroidManifest.xml:31:13-36
39            <intent-filter>
39-->src/main/AndroidManifest.xml:32:13-36:29
40                <action android:name="android.intent.action.MAIN" />
40-->src/main/AndroidManifest.xml:33:17-69
40-->src/main/AndroidManifest.xml:33:25-66
41
42                <category android:name="android.intent.category.LAUNCHER" />
42-->src/main/AndroidManifest.xml:35:17-77
42-->src/main/AndroidManifest.xml:35:27-74
43            </intent-filter>
44
45            <meta-data
45-->src/main/AndroidManifest.xml:18:13-20:36
46                android:name="android.app.lib_name"
46-->src/main/AndroidManifest.xml:19:17-52
47                android:value="" />
47-->src/main/AndroidManifest.xml:20:17-33
48        </activity>
49
50        <service
50-->[androidx.room:room-runtime:2.4.3] AndroidManifest.xml:25:9-28:40
51            android:name="androidx.room.MultiInstanceInvalidationService"
51-->[androidx.room:room-runtime:2.4.3] AndroidManifest.xml:26:13-74
52            android:directBootAware="true"
52-->[androidx.room:room-runtime:2.4.3] AndroidManifest.xml:27:13-43
53            android:exported="false" />
53-->[androidx.room:room-runtime:2.4.3] AndroidManifest.xml:28:13-37
54
55        <provider
55-->[androidx.emoji2:emoji2:1.2.0] AndroidManifest.xml:24:9-32:20
56            android:name="androidx.startup.InitializationProvider"
56-->[androidx.emoji2:emoji2:1.2.0] AndroidManifest.xml:25:13-67
57            android:authorities="com.kelompok6.hitungpengeluaran.androidx-startup"
57-->[androidx.emoji2:emoji2:1.2.0] AndroidManifest.xml:26:13-68
58            android:exported="false" >
58-->[androidx.emoji2:emoji2:1.2.0] AndroidManifest.xml:27:13-37
59            <meta-data
59-->[androidx.emoji2:emoji2:1.2.0] AndroidManifest.xml:29:13-31:52
60                android:name="androidx.emoji2.text.EmojiCompatInitializer"
60-->[androidx.emoji2:emoji2:1.2.0] AndroidManifest.xml:30:17-75
61                android:value="androidx.startup" />
61-->[androidx.emoji2:emoji2:1.2.0] AndroidManifest.xml:31:17-49
62            <meta-data
62-->[androidx.lifecycle:lifecycle-process:2.4.1] AndroidManifest.xml:31:13-33:52
63                android:name="androidx.lifecycle.ProcessLifecycleInitializer"
63-->[androidx.lifecycle:lifecycle-process:2.4.1] AndroidManifest.xml:32:17-78
64                android:value="androidx.startup" />
64-->[androidx.lifecycle:lifecycle-process:2.4.1] AndroidManifest.xml:33:17-49
65        </provider>
66    </application>
67
68</manifest>